2020-07-28 00:01:30,491 - INFO[line:30] - INFO: run_all_test.py:login successful.
2020-07-28 00:02:16,376 - INFO[line:30] - INFO: run_all_test.py:login successful.
2020-07-28 00:02:16,376 - INFO[line:30] - INFO: run_all_test.py:login successful.
2020-07-28 00:02:45,474 - INFO[line:30] - INFO: run_all_test.py:login successful.
2020-07-28 00:02:45,474 - INFO[line:30] - INFO: run_all_test.py:login successful.
2020-07-28 00:02:45,474 - INFO[line:30] - INFO: run_all_test.py:login successful.
2020-07-28 00:03:07,637 - INFO[line:30] - INFO: run_all_test.py:login successful.
2020-07-28 00:03:07,637 - INFO[line:30] - INFO: run_all_test.py:login successful.
2020-07-28 00:03:07,637 - INFO[line:30] - INFO: run_all_test.py:login successful.
2020-07-28 00:03:07,637 - INFO[line:30] - INFO: run_all_test.py:login successful.
2020-07-28 00:03:28,499 - INFO[line:30] - INFO: run_all_test.py:login successful.
2020-07-28 00:03:28,499 - INFO[line:30] - INFO: run_all_test.py:login successful.
2020-07-28 00:03:28,499 - INFO[line:30] - INFO: run_all_test.py:login successful.
2020-07-28 00:03:28,499 - INFO[line:30] - INFO: run_all_test.py:login successful.
2020-07-28 00:03:28,499 - INFO[line:30] - INFO: run_all_test.py:login successful.
2020-07-28 00:03:54,294 - INFO[line:30] - INFO: run_all_test.py:login successful.
2020-07-28 00:03:54,294 - INFO[line:30] - INFO: run_all_test.py:login successful.
2020-07-28 00:03:54,294 - INFO[line:30] - INFO: run_all_test.py:login successful.
2020-07-28 00:03:54,294 - INFO[line:30] - INFO: run_all_test.py:login successful.
2020-07-28 00:03:54,294 - INFO[line:30] - INFO: run_all_test.py:login successful.
2020-07-28 00:03:54,294 - INFO[line:30] - INFO: run_all_test.py:login successful.
2020-07-28 00:04:18,505 - INFO[line:30] - INFO: run_all_test.py:login successful.
2020-07-28 00:04:18,505 - INFO[line:30] - INFO: run_all_test.py:login successful.
2020-07-28 00:04:18,505 - INFO[line:30] - INFO: run_all_test.py:login successful.
2020-07-28 00:04:18,505 - INFO[line:30] - INFO: run_all_test.py:login successful.
2020-07-28 00:04:18,505 - INFO[line:30] - INFO: run_all_test.py:login successful.
2020-07-28 00:04:18,505 - INFO[line:30] - INFO: run_all_test.py:login successful.
2020-07-28 00:04:18,505 - INFO[line:30] - INFO: run_all_test.py:login successful.
2020-07-28 00:04:39,528 - INFO[line:30] - INFO: run_all_test.py:login successful.
2020-07-28 00:04:39,528 - INFO[line:30] - INFO: run_all_test.py:login successful.
2020-07-28 00:04:39,528 - INFO[line:30] - INFO: run_all_test.py:login successful.
2020-07-28 00:04:39,528 - INFO[line:30] - INFO: run_all_test.py:login successful.
2020-07-28 00:04:39,528 - INFO[line:30] - INFO: run_all_test.py:login successful.
2020-07-28 00:04:39,528 - INFO[line:30] - INFO: run_all_test.py:login successful.
2020-07-28 00:04:39,528 - INFO[line:30] - INFO: run_all_test.py:login successful.
2020-07-28 00:04:39,528 - INFO[line:30] - INFO: run_all_test.py:login successful.
2020-07-28 00:05:00,287 - INFO[line:30] - INFO: run_all_test.py:login successful.
2020-07-28 00:05:00,287 - INFO[line:30] - INFO: run_all_test.py:login successful.
2020-07-28 00:05:00,287 - INFO[line:30] - INFO: run_all_test.py:login successful.
2020-07-28 00:05:00,287 - INFO[line:30] - INFO: run_all_test.py:login successful.
2020-07-28 00:05:00,287 - INFO[line:30] - INFO: run_all_test.py:login successful.
2020-07-28 00:05:00,287 - INFO[line:30] - INFO: run_all_test.py:login successful.
2020-07-28 00:05:00,287 - INFO[line:30] - INFO: run_all_test.py:login successful.
2020-07-28 00:05:00,287 - INFO[line:30] - INFO: run_all_test.py:login successful.
2020-07-28 00:05:00,287 - INFO[line:30] - INFO: run_all_test.py:login successful.
2020-07-28 00:05:21,043 - INFO[line:30] - INFO: run_all_test.py:login successful.
2020-07-28 00:05:21,043 - INFO[line:30] - INFO: run_all_test.py:login successful.
2020-07-28 00:05:21,043 - INFO[line:30] - INFO: run_all_test.py:login successful.
2020-07-28 00:05:21,043 - INFO[line:30] - INFO: run_all_test.py:login successful.
2020-07-28 00:05:21,043 - INFO[line:30] - INFO: run_all_test.py:login successful.
2020-07-28 00:05:21,043 - INFO[line:30] - INFO: run_all_test.py:login successful.
2020-07-28 00:05:21,043 - INFO[line:30] - INFO: run_all_test.py:login successful.
2020-07-28 00:05:21,043 - INFO[line:30] - INFO: run_all_test.py:login successful.
2020-07-28 00:05:21,043 - INFO[line:30] - INFO: run_all_test.py:login successful.
2020-07-28 00:05:21,043 - INFO[line:30] - INFO: run_all_test.py:login successful.
2020-07-28 00:05:55,404 - ERROR[line:36] - ERROR: Traceback (most recent call last):
  File "C:\Users\huyan\Desktop\BkzxAutoTest\common\decorator.py", line 14, in wapper
    res = func(*args)
  File "C:\Users\huyan\Desktop\BkzxAutoTest\common\actpage.py", line 144, in presenceEle
    return self.web_wait().until(EC.presence_of_element_located(args))
  File "C:\Users\huyan\AppData\Local\Programs\Python\Python37-32\selenium\webdriver\support\wait.py", line 80, in until
    raise TimeoutException(message, screen, stacktrace)
selenium.common.exceptions.TimeoutException: Message: 


2020-07-28 00:05:55,404 - ERROR[line:36] - ERROR: Traceback (most recent call last):
  File "C:\Users\huyan\Desktop\BkzxAutoTest\common\decorator.py", line 14, in wapper
    res = func(*args)
  File "C:\Users\huyan\Desktop\BkzxAutoTest\common\actpage.py", line 144, in presenceEle
    return self.web_wait().until(EC.presence_of_element_located(args))
  File "C:\Users\huyan\AppData\Local\Programs\Python\Python37-32\selenium\webdriver\support\wait.py", line 80, in until
    raise TimeoutException(message, screen, stacktrace)
selenium.common.exceptions.TimeoutException: Message: 


2020-07-28 00:05:55,404 - ERROR[line:36] - ERROR: Traceback (most recent call last):
  File "C:\Users\huyan\Desktop\BkzxAutoTest\common\decorator.py", line 14, in wapper
    res = func(*args)
  File "C:\Users\huyan\Desktop\BkzxAutoTest\common\actpage.py", line 144, in presenceEle
    return self.web_wait().until(EC.presence_of_element_located(args))
  File "C:\Users\huyan\AppData\Local\Programs\Python\Python37-32\selenium\webdriver\support\wait.py", line 80, in until
    raise TimeoutException(message, screen, stacktrace)
selenium.common.exceptions.TimeoutException: Message: 


2020-07-28 00:05:55,404 - ERROR[line:36] - ERROR: Traceback (most recent call last):
  File "C:\Users\huyan\Desktop\BkzxAutoTest\common\decorator.py", line 14, in wapper
    res = func(*args)
  File "C:\Users\huyan\Desktop\BkzxAutoTest\common\actpage.py", line 144, in presenceEle
    return self.web_wait().until(EC.presence_of_element_located(args))
  File "C:\Users\huyan\AppData\Local\Programs\Python\Python37-32\selenium\webdriver\support\wait.py", line 80, in until
    raise TimeoutException(message, screen, stacktrace)
selenium.common.exceptions.TimeoutException: Message: 


2020-07-28 00:05:55,404 - ERROR[line:36] - ERROR: Traceback (most recent call last):
  File "C:\Users\huyan\Desktop\BkzxAutoTest\common\decorator.py", line 14, in wapper
    res = func(*args)
  File "C:\Users\huyan\Desktop\BkzxAutoTest\common\actpage.py", line 144, in presenceEle
    return self.web_wait().until(EC.presence_of_element_located(args))
  File "C:\Users\huyan\AppData\Local\Programs\Python\Python37-32\selenium\webdriver\support\wait.py", line 80, in until
    raise TimeoutException(message, screen, stacktrace)
selenium.common.exceptions.TimeoutException: Message: 


2020-07-28 00:05:55,404 - ERROR[line:36] - ERROR: Traceback (most recent call last):
  File "C:\Users\huyan\Desktop\BkzxAutoTest\common\decorator.py", line 14, in wapper
    res = func(*args)
  File "C:\Users\huyan\Desktop\BkzxAutoTest\common\actpage.py", line 144, in presenceEle
    return self.web_wait().until(EC.presence_of_element_located(args))
  File "C:\Users\huyan\AppData\Local\Programs\Python\Python37-32\selenium\webdriver\support\wait.py", line 80, in until
    raise TimeoutException(message, screen, stacktrace)
selenium.common.exceptions.TimeoutException: Message: 


2020-07-28 00:05:55,404 - ERROR[line:36] - ERROR: Traceback (most recent call last):
  File "C:\Users\huyan\Desktop\BkzxAutoTest\common\decorator.py", line 14, in wapper
    res = func(*args)
  File "C:\Users\huyan\Desktop\BkzxAutoTest\common\actpage.py", line 144, in presenceEle
    return self.web_wait().until(EC.presence_of_element_located(args))
  File "C:\Users\huyan\AppData\Local\Programs\Python\Python37-32\selenium\webdriver\support\wait.py", line 80, in until
    raise TimeoutException(message, screen, stacktrace)
selenium.common.exceptions.TimeoutException: Message: 


2020-07-28 00:05:55,404 - ERROR[line:36] - ERROR: Traceback (most recent call last):
  File "C:\Users\huyan\Desktop\BkzxAutoTest\common\decorator.py", line 14, in wapper
    res = func(*args)
  File "C:\Users\huyan\Desktop\BkzxAutoTest\common\actpage.py", line 144, in presenceEle
    return self.web_wait().until(EC.presence_of_element_located(args))
  File "C:\Users\huyan\AppData\Local\Programs\Python\Python37-32\selenium\webdriver\support\wait.py", line 80, in until
    raise TimeoutException(message, screen, stacktrace)
selenium.common.exceptions.TimeoutException: Message: 


2020-07-28 00:05:55,404 - ERROR[line:36] - ERROR: Traceback (most recent call last):
  File "C:\Users\huyan\Desktop\BkzxAutoTest\common\decorator.py", line 14, in wapper
    res = func(*args)
  File "C:\Users\huyan\Desktop\BkzxAutoTest\common\actpage.py", line 144, in presenceEle
    return self.web_wait().until(EC.presence_of_element_located(args))
  File "C:\Users\huyan\AppData\Local\Programs\Python\Python37-32\selenium\webdriver\support\wait.py", line 80, in until
    raise TimeoutException(message, screen, stacktrace)
selenium.common.exceptions.TimeoutException: Message: 


2020-07-28 00:05:55,404 - ERROR[line:36] - ERROR: Traceback (most recent call last):
  File "C:\Users\huyan\Desktop\BkzxAutoTest\common\decorator.py", line 14, in wapper
    res = func(*args)
  File "C:\Users\huyan\Desktop\BkzxAutoTest\common\actpage.py", line 144, in presenceEle
    return self.web_wait().until(EC.presence_of_element_located(args))
  File "C:\Users\huyan\AppData\Local\Programs\Python\Python37-32\selenium\webdriver\support\wait.py", line 80, in until
    raise TimeoutException(message, screen, stacktrace)
selenium.common.exceptions.TimeoutException: Message: 


2020-07-28 00:05:55,404 - ERROR[line:36] - ERROR: Traceback (most recent call last):
  File "C:\Users\huyan\Desktop\BkzxAutoTest\common\decorator.py", line 14, in wapper
    res = func(*args)
  File "C:\Users\huyan\Desktop\BkzxAutoTest\common\actpage.py", line 144, in presenceEle
    return self.web_wait().until(EC.presence_of_element_located(args))
  File "C:\Users\huyan\AppData\Local\Programs\Python\Python37-32\selenium\webdriver\support\wait.py", line 80, in until
    raise TimeoutException(message, screen, stacktrace)
selenium.common.exceptions.TimeoutException: Message: 


2020-07-28 00:06:14,984 - INFO[line:30] - INFO: run_all_test.py:login successful.
2020-07-28 00:06:14,984 - INFO[line:30] - INFO: run_all_test.py:login successful.
2020-07-28 00:06:14,984 - INFO[line:30] - INFO: run_all_test.py:login successful.
2020-07-28 00:06:14,984 - INFO[line:30] - INFO: run_all_test.py:login successful.
2020-07-28 00:06:14,984 - INFO[line:30] - INFO: run_all_test.py:login successful.
2020-07-28 00:06:14,984 - INFO[line:30] - INFO: run_all_test.py:login successful.
2020-07-28 00:06:14,984 - INFO[line:30] - INFO: run_all_test.py:login successful.
2020-07-28 00:06:14,984 - INFO[line:30] - INFO: run_all_test.py:login successful.
2020-07-28 00:06:14,984 - INFO[line:30] - INFO: run_all_test.py:login successful.
2020-07-28 00:06:14,984 - INFO[line:30] - INFO: run_all_test.py:login successful.
2020-07-28 00:06:14,984 - INFO[line:30] - INFO: run_all_test.py:login successful.
2020-07-28 00:06:14,984 - INFO[line:30] - INFO: run_all_test.py:login successful.
2020-07-28 00:07:13,826 - INFO[line:30] - INFO: run_all_test.py:login successful.
2020-07-28 00:07:13,826 - INFO[line:30] - INFO: run_all_test.py:login successful.
2020-07-28 00:07:13,826 - INFO[line:30] - INFO: run_all_test.py:login successful.
2020-07-28 00:07:13,826 - INFO[line:30] - INFO: run_all_test.py:login successful.
2020-07-28 00:07:13,826 - INFO[line:30] - INFO: run_all_test.py:login successful.
2020-07-28 00:07:13,826 - INFO[line:30] - INFO: run_all_test.py:login successful.
2020-07-28 00:07:13,826 - INFO[line:30] - INFO: run_all_test.py:login successful.
2020-07-28 00:07:13,826 - INFO[line:30] - INFO: run_all_test.py:login successful.
2020-07-28 00:07:13,826 - INFO[line:30] - INFO: run_all_test.py:login successful.
2020-07-28 00:07:13,826 - INFO[line:30] - INFO: run_all_test.py:login successful.
2020-07-28 00:07:13,826 - INFO[line:30] - INFO: run_all_test.py:login successful.
2020-07-28 00:07:13,826 - INFO[line:30] - INFO: run_all_test.py:login successful.
2020-07-28 00:07:13,826 - INFO[line:30] - INFO: run_all_test.py:login successful.
2020-07-28 00:07:44,024 - INFO[line:30] - INFO: run_all_test.py:login successful.
2020-07-28 00:07:44,024 - INFO[line:30] - INFO: run_all_test.py:login successful.
2020-07-28 00:07:44,024 - INFO[line:30] - INFO: run_all_test.py:login successful.
2020-07-28 00:07:44,024 - INFO[line:30] - INFO: run_all_test.py:login successful.
2020-07-28 00:07:44,024 - INFO[line:30] - INFO: run_all_test.py:login successful.
2020-07-28 00:07:44,024 - INFO[line:30] - INFO: run_all_test.py:login successful.
2020-07-28 00:07:44,024 - INFO[line:30] - INFO: run_all_test.py:login successful.
2020-07-28 00:07:44,024 - INFO[line:30] - INFO: run_all_test.py:login successful.
2020-07-28 00:07:44,024 - INFO[line:30] - INFO: run_all_test.py:login successful.
2020-07-28 00:07:44,024 - INFO[line:30] - INFO: run_all_test.py:login successful.
2020-07-28 00:07:44,024 - INFO[line:30] - INFO: run_all_test.py:login successful.
2020-07-28 00:07:44,024 - INFO[line:30] - INFO: run_all_test.py:login successful.
2020-07-28 00:07:44,024 - INFO[line:30] - INFO: run_all_test.py:login successful.
2020-07-28 00:07:44,024 - INFO[line:30] - INFO: run_all_test.py:login successful.
2020-07-28 00:08:06,135 - INFO[line:30] - INFO: run_all_test.py:login successful.
2020-07-28 00:08:06,135 - INFO[line:30] - INFO: run_all_test.py:login successful.
2020-07-28 00:08:06,135 - INFO[line:30] - INFO: run_all_test.py:login successful.
2020-07-28 00:08:06,135 - INFO[line:30] - INFO: run_all_test.py:login successful.
2020-07-28 00:08:06,135 - INFO[line:30] - INFO: run_all_test.py:login successful.
2020-07-28 00:08:06,135 - INFO[line:30] - INFO: run_all_test.py:login successful.
2020-07-28 00:08:06,135 - INFO[line:30] - INFO: run_all_test.py:login successful.
2020-07-28 00:08:06,135 - INFO[line:30] - INFO: run_all_test.py:login successful.
2020-07-28 00:08:06,135 - INFO[line:30] - INFO: run_all_test.py:login successful.
2020-07-28 00:08:06,135 - INFO[line:30] - INFO: run_all_test.py:login successful.
2020-07-28 00:08:06,135 - INFO[line:30] - INFO: run_all_test.py:login successful.
2020-07-28 00:08:06,135 - INFO[line:30] - INFO: run_all_test.py:login successful.
2020-07-28 00:08:06,135 - INFO[line:30] - INFO: run_all_test.py:login successful.
2020-07-28 00:08:06,135 - INFO[line:30] - INFO: run_all_test.py:login successful.
2020-07-28 00:08:06,135 - INFO[line:30] - INFO: run_all_test.py:login successful.
2020-07-28 00:08:24,255 - INFO[line:30] - INFO: run_all_test.py:login successful.
2020-07-28 00:08:24,255 - INFO[line:30] - INFO: run_all_test.py:login successful.
2020-07-28 00:08:24,255 - INFO[line:30] - INFO: run_all_test.py:login successful.
2020-07-28 00:08:24,255 - INFO[line:30] - INFO: run_all_test.py:login successful.
2020-07-28 00:08:24,255 - INFO[line:30] - INFO: run_all_test.py:login successful.
2020-07-28 00:08:24,255 - INFO[line:30] - INFO: run_all_test.py:login successful.
2020-07-28 00:08:24,255 - INFO[line:30] - INFO: run_all_test.py:login successful.
2020-07-28 00:08:24,255 - INFO[line:30] - INFO: run_all_test.py:login successful.
2020-07-28 00:08:24,255 - INFO[line:30] - INFO: run_all_test.py:login successful.
2020-07-28 00:08:24,255 - INFO[line:30] - INFO: run_all_test.py:login successful.
2020-07-28 00:08:24,255 - INFO[line:30] - INFO: run_all_test.py:login successful.
2020-07-28 00:08:24,255 - INFO[line:30] - INFO: run_all_test.py:login successful.
2020-07-28 00:08:24,255 - INFO[line:30] - INFO: run_all_test.py:login successful.
2020-07-28 00:08:24,255 - INFO[line:30] - INFO: run_all_test.py:login successful.
2020-07-28 00:08:24,255 - INFO[line:30] - INFO: run_all_test.py:login successful.
2020-07-28 00:08:24,255 - INFO[line:30] - INFO: run_all_test.py:login successful.
2020-07-28 00:08:50,265 - INFO[line:30] - INFO: run_all_test.py:login successful.
2020-07-28 00:08:50,265 - INFO[line:30] - INFO: run_all_test.py:login successful.
2020-07-28 00:08:50,265 - INFO[line:30] - INFO: run_all_test.py:login successful.
2020-07-28 00:08:50,265 - INFO[line:30] - INFO: run_all_test.py:login successful.
2020-07-28 00:08:50,265 - INFO[line:30] - INFO: run_all_test.py:login successful.
2020-07-28 00:08:50,265 - INFO[line:30] - INFO: run_all_test.py:login successful.
2020-07-28 00:08:50,265 - INFO[line:30] - INFO: run_all_test.py:login successful.
2020-07-28 00:08:50,265 - INFO[line:30] - INFO: run_all_test.py:login successful.
2020-07-28 00:08:50,265 - INFO[line:30] - INFO: run_all_test.py:login successful.
2020-07-28 00:08:50,265 - INFO[line:30] - INFO: run_all_test.py:login successful.
2020-07-28 00:08:50,265 - INFO[line:30] - INFO: run_all_test.py:login successful.
2020-07-28 00:08:50,265 - INFO[line:30] - INFO: run_all_test.py:login successful.
2020-07-28 00:08:50,265 - INFO[line:30] - INFO: run_all_test.py:login successful.
2020-07-28 00:08:50,265 - INFO[line:30] - INFO: run_all_test.py:login successful.
2020-07-28 00:08:50,265 - INFO[line:30] - INFO: run_all_test.py:login successful.
2020-07-28 00:08:50,265 - INFO[line:30] - INFO: run_all_test.py:login successful.
2020-07-28 00:08:50,265 - INFO[line:30] - INFO: run_all_test.py:login successful.
2020-07-28 00:09:18,280 - INFO[line:30] - INFO: run_all_test.py:login successful.
2020-07-28 00:09:18,280 - INFO[line:30] - INFO: run_all_test.py:login successful.
2020-07-28 00:09:18,280 - INFO[line:30] - INFO: run_all_test.py:login successful.
2020-07-28 00:09:18,280 - INFO[line:30] - INFO: run_all_test.py:login successful.
2020-07-28 00:09:18,280 - INFO[line:30] - INFO: run_all_test.py:login successful.
2020-07-28 00:09:18,280 - INFO[line:30] - INFO: run_all_test.py:login successful.
2020-07-28 00:09:18,280 - INFO[line:30] - INFO: run_all_test.py:login successful.
2020-07-28 00:09:18,280 - INFO[line:30] - INFO: run_all_test.py:login successful.
2020-07-28 00:09:18,280 - INFO[line:30] - INFO: run_all_test.py:login successful.
2020-07-28 00:09:18,280 - INFO[line:30] - INFO: run_all_test.py:login successful.
2020-07-28 00:09:18,280 - INFO[line:30] - INFO: run_all_test.py:login successful.
2020-07-28 00:09:18,280 - INFO[line:30] - INFO: run_all_test.py:login successful.
2020-07-28 00:09:18,280 - INFO[line:30] - INFO: run_all_test.py:login successful.
2020-07-28 00:09:18,280 - INFO[line:30] - INFO: run_all_test.py:login successful.
2020-07-28 00:09:18,280 - INFO[line:30] - INFO: run_all_test.py:login successful.
2020-07-28 00:09:18,280 - INFO[line:30] - INFO: run_all_test.py:login successful.
2020-07-28 00:09:18,280 - INFO[line:30] - INFO: run_all_test.py:login successful.
2020-07-28 00:09:18,280 - INFO[line:30] - INFO: run_all_test.py:login successful.
2020-07-28 00:09:51,879 - INFO[line:30] - INFO: run_all_test.py:login successful.
2020-07-28 00:09:51,879 - INFO[line:30] - INFO: run_all_test.py:login successful.
2020-07-28 00:09:51,879 - INFO[line:30] - INFO: run_all_test.py:login successful.
2020-07-28 00:09:51,879 - INFO[line:30] - INFO: run_all_test.py:login successful.
2020-07-28 00:09:51,879 - INFO[line:30] - INFO: run_all_test.py:login successful.
2020-07-28 00:09:51,879 - INFO[line:30] - INFO: run_all_test.py:login successful.
2020-07-28 00:09:51,879 - INFO[line:30] - INFO: run_all_test.py:login successful.
2020-07-28 00:09:51,879 - INFO[line:30] - INFO: run_all_test.py:login successful.
2020-07-28 00:09:51,879 - INFO[line:30] - INFO: run_all_test.py:login successful.
2020-07-28 00:09:51,879 - INFO[line:30] - INFO: run_all_test.py:login successful.
2020-07-28 00:09:51,879 - INFO[line:30] - INFO: run_all_test.py:login successful.
2020-07-28 00:09:51,879 - INFO[line:30] - INFO: run_all_test.py:login successful.
2020-07-28 00:09:51,879 - INFO[line:30] - INFO: run_all_test.py:login successful.
2020-07-28 00:09:51,879 - INFO[line:30] - INFO: run_all_test.py:login successful.
2020-07-28 00:09:51,879 - INFO[line:30] - INFO: run_all_test.py:login successful.
2020-07-28 00:09:51,879 - INFO[line:30] - INFO: run_all_test.py:login successful.
2020-07-28 00:09:51,879 - INFO[line:30] - INFO: run_all_test.py:login successful.
2020-07-28 00:09:51,879 - INFO[line:30] - INFO: run_all_test.py:login successful.
2020-07-28 00:09:51,879 - INFO[line:30] - INFO: run_all_test.py:login successful.
2020-07-28 00:10:11,270 - INFO[line:30] - INFO: run_all_test.py:login successful.
2020-07-28 00:10:11,270 - INFO[line:30] - INFO: run_all_test.py:login successful.
2020-07-28 00:10:11,270 - INFO[line:30] - INFO: run_all_test.py:login successful.
2020-07-28 00:10:11,270 - INFO[line:30] - INFO: run_all_test.py:login successful.
2020-07-28 00:10:11,270 - INFO[line:30] - INFO: run_all_test.py:login successful.
2020-07-28 00:10:11,270 - INFO[line:30] - INFO: run_all_test.py:login successful.
2020-07-28 00:10:11,270 - INFO[line:30] - INFO: run_all_test.py:login successful.
2020-07-28 00:10:11,270 - INFO[line:30] - INFO: run_all_test.py:login successful.
2020-07-28 00:10:11,270 - INFO[line:30] - INFO: run_all_test.py:login successful.
2020-07-28 00:10:11,270 - INFO[line:30] - INFO: run_all_test.py:login successful.
2020-07-28 00:10:11,270 - INFO[line:30] - INFO: run_all_test.py:login successful.
2020-07-28 00:10:11,270 - INFO[line:30] - INFO: run_all_test.py:login successful.
2020-07-28 00:10:11,270 - INFO[line:30] - INFO: run_all_test.py:login successful.
2020-07-28 00:10:11,270 - INFO[line:30] - INFO: run_all_test.py:login successful.
2020-07-28 00:10:11,270 - INFO[line:30] - INFO: run_all_test.py:login successful.
2020-07-28 00:10:11,270 - INFO[line:30] - INFO: run_all_test.py:login successful.
2020-07-28 00:10:11,270 - INFO[line:30] - INFO: run_all_test.py:login successful.
2020-07-28 00:10:11,270 - INFO[line:30] - INFO: run_all_test.py:login successful.
2020-07-28 00:10:11,270 - INFO[line:30] - INFO: run_all_test.py:login successful.
2020-07-28 00:10:11,270 - INFO[line:30] - INFO: run_all_test.py:login successful.
